#
# There is insufficient memory for the Java Runtime Environment to continue.
# Native memory allocation (malloc) failed to allocate 32744 bytes for ChunkPool::allocate
# Possible reasons:
#   The system is out of physical RAM or swap space
#   In 32 bit mode, the process size limit was hit
# Possible solutions:
#   Reduce memory load on the system
#   Increase physical memory or swap space
#   Check if swap backing store is full
#   Use 64 bit Java on a 64 bit OS
#   Decrease Java heap size (-Xmx/-Xms)
#   Decrease number of Java threads
#   Decrease Java thread stack sizes (-Xss)
#   Set larger code cache with -XX:ReservedCodeCacheSize=
# This output file may be truncated or incomplete.
#
#  Out of Memory Error (allocation.cpp:211), pid=8044, tid=8036
#
# JRE version: Java(TM) SE Runtime Environment (7.0_80-b15) (build 1.7.0_80-b15)
# Java VM: Java HotSpot(TM) 64-Bit Server VM (24.80-b11 mixed mode windows-amd64 compressed oops)
# Failed to write core dump. Minidumps are not enabled by default on client versions of Windows
#

---------------  T H R E A D  ---------------

Current thread (0x0000000005d09000):  JavaThread "C2 CompilerThread1" daemon [_thread_in_native, id=8036, stack(0x0000000006420000,0x0000000006520000)]

Stack: [0x0000000006420000,0x0000000006520000]
[error occurred during error reporting (printing stack bounds), id 0xc0000005]


[error occurred during error reporting (printing native stack), id 0xc0000005]


Current CompileTask:
C2:  11829   21             java.awt.LinearGradientPaintContext::fillRaster (97 bytes)


---------------  P R O C E S S  ---------------

Java Threads: ( => current thread )
  0x0000000006a04800 JavaThread "D3D Screen Updater" daemon [_thread_blocked, id=4508, stack(0x00000000099b0000,0x0000000009ab0000)]
  0x00000000028b0800 JavaThread "DestroyJavaVM" [_thread_blocked, id=9020, stack(0x00000000027b0000,0x00000000028b0000)]
  0x0000000006896800 JavaThread "AWT-EventQueue-0" [_thread_blocked, id=5604, stack(0x0000000007620000,0x0000000007720000)]
  0x0000000006895800 JavaThread "AWT-Shutdown" [_thread_blocked, id=7220, stack(0x0000000007520000,0x0000000007620000)]
  0x0000000005dbf800 JavaThread "AWT-Windows" daemon [_thread_in_native, id=4488, stack(0x0000000006e60000,0x0000000006f60000)]
  0x0000000006880800 JavaThread "Java2D Disposer" daemon [_thread_blocked, id=3976, stack(0x0000000006c60000,0x0000000006d60000)]
  0x0000000005d0c000 JavaThread "Service Thread" daemon [_thread_blocked, id=6884, stack(0x0000000006520000,0x0000000006620000)]
=>0x0000000005d09000 JavaThread "C2 CompilerThread1" daemon [_thread_in_native, id=8036, stack(0x0000000006420000,0x0000000006520000)]
  0x0000000005d01000 JavaThread "C2 CompilerThread0" daemon [_thread_blocked, id=3180, stack(0x0000000006320000,0x0000000006420000)]
  0x0000000005cff800 JavaThread "Attach Listener" daemon [_thread_blocked, id=8504, stack(0x0000000006220000,0x0000000006320000)]
  0x0000000005cfd000 JavaThread "Signal Dispatcher" daemon [_thread_blocked, id=2712, stack(0x0000000006120000,0x0000000006220000)]
  0x0000000005cc4000 JavaThread "Finalizer" daemon [_thread_blocked, id=4364, stack(0x0000000006020000,0x0000000006120000)]
  0x0000000005cbc800 JavaThread "Reference Handler" daemon [_thread_blocked, id=3060, stack(0x0000000005f20000,0x0000000006020000)]

Other Threads:
  0x0000000005cb6000 VMThread [stack: 0x0000000005e20000,0x0000000005f20000] [id=8792]
  0x0000000005d17800 WatcherThread [stack: 0x0000000006620000,0x0000000006720000] [id=4848]

VM state:not at safepoint (normal execution)

VM Mutex/Monitor currently owned by a thread: None

Heap
 def new generation   total 8448K, used 7552K [0x00000000df600000, 0x00000000dff20000, 0x00000000e88a0000)
  eden space 7552K, 100% used [0x00000000df600000, 0x00000000dfd60000, 0x00000000dfd60000)
  from space 896K,   0% used [0x00000000dfd60000, 0x00000000dfd60000, 0x00000000dfe40000)
  to   space 896K,   0% used [0x00000000dfe40000, 0x00000000dfe40000, 0x00000000dff20000)
 tenured generation   total 18816K, used 0K [0x00000000e88a0000, 0x00000000e9b00000, 0x00000000fae00000)
   the space 18816K,   0% used [0x00000000e88a0000, 0x00000000e88a0000, 0x00000000e88a0200, 0x00000000e9b00000)
 compacting perm gen  total 21248K, used 10492K [0x00000000fae00000, 0x00000000fc2c0000, 0x0000000100000000)
   the space 21248K,  49% used [0x00000000fae00000, 0x00000000fb83f3b0, 0x00000000fb83f400, 0x00000000fc2c0000)
No shared spaces configured.

Card table byte_map: [0x0000000005a70000,0x0000000005b80000] byte_map_base: 0x0000000005375000

Polling page: 0x0000000000dc0000

Code Cache  [0x00000000029b0000, 0x0000000002c20000, 0x00000000059b0000)
 total_blobs=452 nmethods=22 adapters=383 free_code_cache=48609Kb largest_free_block=49768256

Compilation events (10 events):
Event: 11.474 Thread 0x0000000005d09000 nmethod 17 0x0000000002a367d0 code [0x0000000002a36940, 0x0000000002a36d18]
Event: 11.479 Thread 0x0000000005d09000   18 %           java.awt.LinearGradientPaintContext::fillRaster @ 50 (97 bytes)
Event: 11.491 Thread 0x0000000005d09000 nmethod 18% 0x0000000002a33850 code [0x0000000002a339e0, 0x0000000002a33fb8]
Event: 11.492 Thread 0x0000000005d09000   19             java.awt.LinearGradientPaintContext::fillRaster (97 bytes)
Event: 11.498 Thread 0x0000000005d09000 nmethod 19 0x0000000002a37b90 code [0x0000000002a37d00, 0x0000000002a38078]
Event: 11.498 Thread 0x0000000005d09000   20             java.awt.MultipleGradientPaintContext::indexIntoGradientsArrays (190 bytes)
Event: 11.499 Thread 0x0000000005d09000 nmethod 20 0x0000000002a36f90 code [0x0000000002a37100, 0x0000000002a37218]
Event: 11.570 Thread 0x0000000005d09000   21             java.awt.LinearGradientPaintContext::fillRaster (97 bytes)
Event: 11.570 Thread 0x0000000005d01000   22             java.awt.MultipleGradientPaintContext::indexIntoGradientsArrays (190 bytes)
Event: 11.607 Thread 0x0000000005d01000 nmethod 22 0x0000000002a37350 code [0x0000000002a374e0, 0x0000000002a37818]

GC Heap History (0 events):
No events

Deoptimization events (4 events):
Event: 11.478 Thread 0x0000000006896800 Uncommon trap: reason=unstable_if action=reinterpret pc=0x0000000002a36c78 method=java.awt.MultipleGradientPaintContext.indexIntoGradientsArrays(F)I @ 13
Event: 11.478 Thread 0x0000000006896800 Uncommon trap: reason=unstable_if action=reinterpret pc=0x0000000002a36630 method=java.awt.MultipleGradientPaintContext.indexIntoGradientsArrays(F)I @ 13
Event: 11.559 Thread 0x0000000006896800 Uncommon trap: reason=predicate action=maybe_recompile pc=0x0000000002a38038 method=java.awt.LinearGradientPaintContext.fillRaster([IIIIIII)V @ 56
Event: 11.559 Thread 0x0000000006896800 Uncommon trap: reason=unstable_if action=reinterpret pc=0x0000000002a371d4 method=java.awt.MultipleGradientPaintContext.indexIntoGradientsArrays(F)I @ 93

Internal exceptions (10 events):
Event: 3.757 Thread 0x00000000028b0800 Threw 0x00000000df7a4038 at C:\re\jdk7u80\2329\hotspot\src\share\vm\classfile\systemDictionary.cpp:185
Event: 4.058 Thread 0x00000000028b0800 Threw 0x00000000df7fa2c0 at C:\re\jdk7u80\2329\hotspot\src\share\vm\prims\jvm.cpp:1319
Event: 6.566 Thread 0x0000000006896800 Threw 0x00000000df8cc488 at C:\re\jdk7u80\2329\hotspot\src\share\vm\prims\jvm.cpp:1319
Event: 6.587 Thread 0x0000000006896800 Threw 0x00000000df8ce300 at C:\re\jdk7u80\2329\hotspot\src\share\vm\prims\jvm.cpp:1319
Event: 6.604 Thread 0x0000000006896800 Threw 0x00000000df8cfb18 at C:\re\jdk7u80\2329\hotspot\src\share\vm\prims\jvm.cpp:1319
Event: 6.616 Thread 0x0000000006896800 Threw 0x00000000df8d1b30 at C:\re\jdk7u80\2329\hotspot\src\share\vm\prims\jvm.cpp:1319
Event: 6.962 Thread 0x0000000006896800 Threw 0x00000000df8f32b0 at C:\re\jdk7u80\2329\hotspot\src\share\vm\prims\jvm.cpp:1319
Event: 6.962 Thread 0x0000000006896800 Threw 0x00000000df8f34d8 at C:\re\jdk7u80\2329\hotspot\src\share\vm\prims\jvm.cpp:1319
Event: 6.964 Thread 0x0000000006896800 Threw 0x00000000df8f7350 at C:\re\jdk7u80\2329\hotspot\src\share\vm\prims\jvm.cpp:1319
Event: 6.964 Thread 0x0000000006896800 Threw 0x00000000df8f7578 at C:\re\jdk7u80\2329\hotspot\src\share\vm\prims\jvm.cpp:1319

Events (10 events):
Event: 11.478 Thread 0x0000000006896800 DEOPT UNPACKING pc=0x00000000029e9064 sp=0x000000000771c010 mode 2
Event: 11.478 Thread 0x0000000006896800 Uncommon trap: trap_request=0xffffff75 fr.pc=0x0000000002a36630
Event: 11.478 Thread 0x0000000006896800 DEOPT PACKING pc=0x0000000002a36630 sp=0x000000000771c070
Event: 11.478 Thread 0x0000000006896800 DEOPT UNPACKING pc=0x00000000029e9064 sp=0x000000000771c000 mode 2
Event: 11.559 Thread 0x0000000006896800 Uncommon trap: trap_request=0xffffff86 fr.pc=0x0000000002a38038
Event: 11.559 Thread 0x0000000006896800 DEOPT PACKING pc=0x0000000002a38038 sp=0x000000000771c080
Event: 11.559 Thread 0x0000000006896800 DEOPT UNPACKING pc=0x00000000029e9064 sp=0x000000000771c040 mode 2
Event: 11.559 Thread 0x0000000006896800 Uncommon trap: trap_request=0xffffff75 fr.pc=0x0000000002a371d4
Event: 11.560 Thread 0x0000000006896800 DEOPT PACKING pc=0x0000000002a371d4 sp=0x000000000771c010
Event: 11.560 Thread 0x0000000006896800 DEOPT UNPACKING pc=0x00000000029e9064 sp=0x000000000771bfa0 mode 2


Dynamic libraries:
0x00007ff794ac0000 - 0x00007ff794af3000 	C:\Program Files\Java\jdk1.7.0_80\bin\java.exe
0x00007ffc77e90000 - 0x00007ffc7807d000 	C:\WINDOWS\SYSTEM32\ntdll.dll
0x00007ffc721a0000 - 0x00007ffc721b5000 	C:\Program Files\AVAST Software\Avast\aswhook.dll
0x00007ffc75590000 - 0x00007ffc75643000 	C:\WINDOWS\System32\KERNEL32.DLL
0x00007ffc74cf0000 - 0x00007ffc74f83000 	C:\WINDOWS\System32\KERNELBASE.dll
0x00007ffc750b0000 - 0x00007ffc75153000 	C:\WINDOWS\System32\ADVAPI32.dll
0x00007ffc753a0000 - 0x00007ffc7543e000 	C:\WINDOWS\System32\msvcrt.dll
0x00007ffc75ee0000 - 0x00007ffc75f7e000 	C:\WINDOWS\System32\sechost.dll
0x00007ffc756b0000 - 0x00007ffc757d2000 	C:\WINDOWS\System32\RPCRT4.dll
0x00007ffc77bf0000 - 0x00007ffc77d87000 	C:\WINDOWS\System32\USER32.dll
0x00007ffc75020000 - 0x00007ffc75040000 	C:\WINDOWS\System32\win32u.dll
0x00007ffc75160000 - 0x00007ffc75189000 	C:\WINDOWS\System32\GDI32.dll
0x00007ffc73f50000 - 0x00007ffc740e9000 	C:\WINDOWS\System32\gdi32full.dll
0x00007ffc74c50000 - 0x00007ffc74cf0000 	C:\WINDOWS\System32\msvcp_win.dll
0x00007ffc740f0000 - 0x00007ffc741ea000 	C:\WINDOWS\System32\ucrtbase.dll
0x00007ffc67a20000 - 0x00007ffc67c99000 	C:\WINDOWS\WinSxS\amd64_microsoft.windows.common-controls_6595b64144ccf1df_6.0.17763.973_none_05b245900721eb81\COMCTL32.dll
0x00007ffc75bb0000 - 0x00007ffc75edc000 	C:\WINDOWS\System32\combase.dll
0x00007ffc742a0000 - 0x00007ffc7431e000 	C:\WINDOWS\System32\bcryptPrimitives.dll
0x00007ffc75300000 - 0x00007ffc7532e000 	C:\WINDOWS\System32\IMM32.DLL
0x0000000068cc0000 - 0x0000000068d92000 	C:\Program Files\Java\jdk1.7.0_80\jre\bin\msvcr100.dll
0x0000000068da0000 - 0x0000000069579000 	C:\Program Files\Java\jdk1.7.0_80\jre\bin\server\jvm.dll
0x00007ffc77680000 - 0x00007ffc77688000 	C:\WINDOWS\System32\PSAPI.DLL
0x00007ffc6d750000 - 0x00007ffc6d759000 	C:\WINDOWS\SYSTEM32\WSOCK32.dll
0x00007ffc75330000 - 0x00007ffc7539d000 	C:\WINDOWS\System32\WS2_32.dll
0x00007ffc720c0000 - 0x00007ffc720e4000 	C:\WINDOWS\SYSTEM32\WINMM.dll
0x00007ffc72090000 - 0x00007ffc720bd000 	C:\WINDOWS\SYSTEM32\WINMMBASE.dll
0x00007ffc75040000 - 0x00007ffc7508a000 	C:\WINDOWS\System32\cfgmgr32.dll
0x000000006a040000 - 0x000000006a04f000 	C:\Program Files\Java\jdk1.7.0_80\jre\bin\verify.dll
0x0000000068c50000 - 0x0000000068c78000 	C:\Program Files\Java\jdk1.7.0_80\jre\bin\java.dll
0x0000000068c30000 - 0x0000000068c46000 	C:\Program Files\Java\jdk1.7.0_80\jre\bin\zip.dll
0x0000000068a50000 - 0x0000000068be5000 	C:\Program Files\Java\jdk1.7.0_80\jre\bin\awt.dll
0x00007ffc77d90000 - 0x00007ffc77e54000 	C:\WINDOWS\System32\OLEAUT32.dll
0x00007ffc721f0000 - 0x00007ffc7227c000 	C:\WINDOWS\SYSTEM32\apphelp.dll
0x00007ffc72450000 - 0x00007ffc724ec000 	C:\WINDOWS\system32\uxtheme.dll
0x00007ffc75190000 - 0x00007ffc752fc000 	C:\WINDOWS\System32\MSCTF.dll
0x00007ffc72860000 - 0x00007ffc7288e000 	C:\WINDOWS\system32\dwmapi.dll
0x00007ffc74320000 - 0x00007ffc744fc000 	C:\WINDOWS\System32\CRYPT32.dll
0x00007ffc73e80000 - 0x00007ffc73e92000 	C:\WINDOWS\System32\MSASN1.dll
0x00007ffc75090000 - 0x00007ffc750a7000 	C:\WINDOWS\System32\CRYPTSP.dll
0x00007ffc73f00000 - 0x00007ffc73f11000 	C:\WINDOWS\System32\kernel.appcore.dll
0x00007ffc757e0000 - 0x00007ffc75935000 	C:\WINDOWS\System32\ole32.dll
0x00007ffc76180000 - 0x00007ffc77674000 	C:\WINDOWS\System32\SHELL32.dll
0x00007ffc760d0000 - 0x00007ffc76178000 	C:\WINDOWS\System32\shcore.dll
0x00007ffc74500000 - 0x00007ffc74c4d000 	C:\WINDOWS\System32\windows.storage.dll
0x00007ffc73f20000 - 0x00007ffc73f44000 	C:\WINDOWS\System32\profapi.dll
0x00007ffc73ea0000 - 0x00007ffc73efd000 	C:\WINDOWS\System32\powrprof.dll
0x00007ffc76070000 - 0x00007ffc760c2000 	C:\WINDOWS\System32\shlwapi.dll
0x0000000068a00000 - 0x0000000068a47000 	C:\Program Files\Java\jdk1.7.0_80\jre\bin\fontmanager.dll
0x00007ffc4a780000 - 0x00007ffc4a91e000 	C:\WINDOWS\system32\d3d9.dll
0x00007ffc6ee30000 - 0x00007ffc6ef97000 	C:\WINDOWS\SYSTEM32\aticfx64.dll
0x00007ffc6ee20000 - 0x00007ffc6ee2a000 	C:\WINDOWS\SYSTEM32\VERSION.dll
0x00007ffc4c680000 - 0x00007ffc4c6a1000 	C:\WINDOWS\SYSTEM32\atiu9p64.dll
0x00007ffc49d40000 - 0x00007ffc4a599000 	C:\WINDOWS\SYSTEM32\atiumd64.dll
0x00000000697a0000 - 0x000000006a028000 	C:\WINDOWS\SYSTEM32\atiumd6a.dll
0x0000000068c10000 - 0x0000000068c2a000 	C:\Program Files\Java\jdk1.7.0_80\jre\bin\net.dll
0x00007ffc736f0000 - 0x00007ffc73757000 	C:\WINDOWS\system32\mswsock.dll
0x0000000068bf0000 - 0x0000000068c01000 	C:\Program Files\Java\jdk1.7.0_80\jre\bin\nio.dll
0x00000000689b0000 - 0x00000000689f1000 	C:\Program Files\Java\jdk1.7.0_80\jre\bin\t2k.dll
0x00007ffc6b2e0000 - 0x00007ffc6b375000 	C:\WINDOWS\System32\TextInputFramework.dll
0x00007ffc6f530000 - 0x00007ffc6f852000 	C:\WINDOWS\System32\CoreUIComponents.dll
0x00007ffc717a0000 - 0x00007ffc71882000 	C:\WINDOWS\System32\CoreMessaging.dll
0x00007ffc72ef0000 - 0x00007ffc72f21000 	C:\WINDOWS\SYSTEM32\ntmarta.dll
0x00007ffc6fd30000 - 0x00007ffc6fe83000 	C:\WINDOWS\SYSTEM32\wintypes.dll
0x0000000068940000 - 0x000000006896a000 	C:\Program Files\Java\jdk1.7.0_80\jre\bin\dcpr.dll

VM Arguments:
jvm_args: -Dfile.encoding=UTF-8 
java_command: views.kasir
Launcher Type: SUN_STANDARD

Environment Variables:
PATH=C:\WINDOWS\system32;C:\WINDOWS;C:\WINDOWS\System32\Wbem;C:\WINDOWS\System32\WindowsPowerShell\v1.0\;C:\Program Files (x86)\ATI Technologies\ATI.ACE\Core-Static;C:\WINDOWS\System32\OpenSSH\;C:\Users\hp\AppData\Local\Microsoft\WindowsApps;
USERNAME=hp
OS=Windows_NT
PROCESSOR_IDENTIFIER=AMD64 Family 18 Model 1 Stepping 0, AuthenticAMD



---------------  S Y S T E M  ---------------

OS: Windows 8.1 , 64 bit Build 9600 

CPU:total 2 (2 cores per cpu, 1 threads per core) family 18 model 1 stepping 0, cmov, cx8, fxsr, mmx, sse, sse2, sse3, popcnt, mmxext, 3dnowpref, lzcnt, sse4a, tsc, tscinvbit, tscinv

Memory: 4k page, physical 1800560k(84020k free), swap 7305584k(3304k free)

vm_info: Java HotSpot(TM) 64-Bit Server VM (24.80-b11) for windows-amd64 JRE (1.7.0_80-b15), built on Apr 10 2015 11:26:34 by "java_re" with unknown MS VC++:1600

time: Mon Mar 16 11:17:58 2020
elapsed time: 11 seconds

