#
# There is insufficient memory for the Java Runtime Environment to continue.
# Native memory allocation (malloc) failed to allocate 32744 bytes for ChunkPool::allocate
# Possible reasons:
#   The system is out of physical RAM or swap space
#   In 32 bit mode, the process size limit was hit
# Possible solutions:
#   Reduce memory load on the system
#   Increase physical memory or swap space
#   Check if swap backing store is full
#   Use 64 bit Java on a 64 bit OS
#   Decrease Java heap size (-Xmx/-Xms)
#   Decrease number of Java threads
#
#  Out of Memory Error
#
# ]
[error occurred during error reporting (printing stack bounds), id 0xc0000005]


Current CompileTask:
C2:  57466   22             sun.java2d.pipe.AlphaPaintPipe::renderPathTile (491 bytes)


---------------  P R O C E S S  ---------------

Java Threads: ( => current thread )
  0x0000000006a18800 JavaThread "D3D Screen Updater" daemon [_thread_blocked, id=7396, stack(0x0000000009760000,0x0000000009860000)]
  0x0000000002930800 JavaThread "DestroyJavaVM" [_thread_blocked, id=7356, stack(0x00000000027b0000,0x00000000028b0000)]
  0x000000000690a800 JavaThread "AWT-EventQueue-0" [_thread_blocked, id=2140, stack(0x0000000007430000,0x0000000007530000)]
  0x0000000005d3c800 JavaThread "AWT-Windows" daemon [_thread_in_native, id=6956, stack(0x0000000006e40000,0x0000000006f40000)]
  0x0000000006868800 JavaThread "AWT-Shutdown" [_thread_blocked, id=5820, stack(0x0000000006d40000,0x0000000006e40000)]
  0x0000000005da2800 JavaThread "Java2D Disposer" daemon [_thread_blocked, id=1324, stack(0x0000000006c40000,0x0000000006d40000)]
  0x0000000005cf3800 JavaThread "Service Thread" daemon [_thread_blocked, id=5416, stack(0x0000000006500000,0x0000000006600000)]
  0x0000000005cdb800 JavaThread "C2 CompilerThread1" daemon [_thread_blocked, id=7832, stack(0x0000000006400000,0x0000000006500000)]
=>0x0000000005cd7000 JavaThread "C2 CompilerThread0" daemon [_thread_in_native, id=4972, stack(0x0000000006300000,0x0000000006400000)]
  0x0000000005cd5800 JavaThread "Attach Listener" daemon [_thread_blocked, id=7388, stack(0x0000000006200000,0x0000000006300000)]
  0x0000000005cd3000 JavaThread "Signal Dispatcher" daemon [_thread_blocked, id=1100, stack(0x0000000006100000,0x0000000006200000)]
  0x0000000005ca4000 JavaThread "Finalizer" daemon [_thread_blocked, id=7284, stack(0x0000000006000000,0x0000000006100000)]
  0x0000000005c9c800 JavaThread "Reference Handler" daemon [_thread_blocked, id=7148, stack(0x0000000005f00000,0x0000000006000000)]

Other Threads:
  0x0000000005c96000 VMThread [stack: 0x0000000005e00000,0x0000000005f00000] [id=6148]
  0x0000000005cfd000 WatcherThread [stack: 0x0000000006600000,0x0000000006700000] [id=8540]

VM state:not at safepoint (normal execution)

VM Mutex/Monitor currently owned by a thread: None

Heap
 def new generation   total 8448K, used 7415K [0x00000000df600000, 0x00000000dff20000, 0x00000000e88a0000)
  eden space 7552K,  98% used [0x00000000df600000, 0x00000000dfd3de50, 0x00000000dfd60000)
  from space 896K,   0% used [0x00000000dfd60000, 0x00000000dfd60000, 0x00000000dfe40000)
  to   space 896K,   0% used [0x00000000dfe40000, 0x00000000dfe40000, 0x00000000dff20000)
 tenured generation   total 18816K, used 0K [0x00000000e88a0000, 0x00000000e9b00000, 0x00000000fae00000)
   the space 18816K,   0% used [0x00000000e88a0000, 0x00000000e88a0000, 0x00000000e88a0200, 0x00000000e9b00000)
 compacting perm gen  total 21248K, used 10492K [0x00000000fae00000, 0x00000000fc2c0000, 0x0000000100000000)
   the space 21248K,  49% used [0x00000000fae00000, 0x00000000fb83f1d0, 0x00000000fb83f200, 0x00000000fc2c0000)
No shared spaces configured.

Card table byte_map: [0x0000000005af0000,0x0000000005c00000] byte_map_base: 0x00000000053f5000

Polling page: 0x0000000000d10000

Code Cache  [0x0000000002a30000, 0x0000000002ca0000, 0x0000000005a30000)
 total_blobs=451 nmethods=21 adapters=383 free_code_cache=48608Kb largest_free_block=49753664

Compilation events (10 events):
Event: 28.235 Thread 0x0000000005cdb800 nmethod 17 0x0000000002ab5190 code [0x0000000002ab52c0, 0x0000000002ab5318]
Event: 28.289 Thread 0x0000000005cd7000   18             java.awt.LinearGradientPaintContext::fillRaster (97 bytes)
Event: 28.291 Thread 0x0000000005cdb800   19             java.awt.MultipleGradientPaintContext::indexIntoGradientsArrays (190 bytes)
Event: 28.296 Thread 0x0000000005cdb800 nmethod 19 0x0000000002ab6650 code [0x0000000002ab67e0, 0x0000000002ab6b18]
Event: 28.299 Thread 0x0000000005cd7000 nmethod 18 0x0000000002ab8a50 code [0x0000000002ab8be0, 0x0000000002ab9238]
Event: 28.322 Thread 0x0000000005cdb800   20             java.awt.MultipleGradientPaintContext::interpolate (202 bytes)
Event: 28.327 Thread 0x0000000005cdb800 nmethod 20 0x0000000002ab8210 code [0x0000000002ab83c0, 0x0000000002ab8958]
Event: 55.757 Thread 0x0000000005cd7000   21             sun.java2d.loops.SurfaceType::getUniqueID (5 bytes)
Event: 55.758 Thread 0x0000000005cd7000 nmethod 21 0x0000000002ab4f90 code [0x0000000002ab50c0, 0x0000000002ab5118]
Event: 55.768 Thread 0x0000000005cd7000   22             sun.java2d.pipe.AlphaPaintPipe::renderPathTile (491 bytes)

GC Heap History (0 events):
No events

Deoptimization events (4 events):
Event: 28.213 Thread 0x000000000690a800 Uncommon trap: reason=unstable_if action=reinterpret pc=0x0000000002ab4c78 method=java.awt.MultipleGradientPaintContext.indexIntoGradientsArrays(F)I @ 13
Event: 28.213 Thread 0x000000000690a800 Uncommon trap: reason=unstable_if action=reinterpret pc=0x0000000002ab55f0 method=java.awt.MultipleGradientPaintContext.indexIntoGradientsArrays(F)I @ 13
Event: 28.278 Thread 0x000000000690a800 Uncommon trap: reason=predicate action=maybe_recompile pc=0x0000000002ab77fc method=java.awt.LinearGradientPaintContext.fillRaster([IIIIIII)V @ 56
Event: 28.278 Thread 0x000000000690a800 Uncommon trap: reason=unstable_if action=reinterpret pc=0x0000000002ab64d4 method=java.awt.MultipleGradientPaintContext.indexIntoGradientsArrays(F)I @ 93

Internal exceptions (10 events):
Event: 1.396 Thread 0x0000000002930800 Threw 0x00000000df77e398 at C:\re\jdk7u80\2329\hotspot\src\share\vm\classfile\systemDictionary.cpp:185
Event: 1.442 Thread 0x0000000002930800 Threw 0x00000000df7d46b0 at C:\re\jdk7u80\2329\hotspot\src\share\vm\prims\jvm.cpp:1319
Event: 1.938 Thread 0x000000000690a800 Threw 0x00000000df8a6828 at C:\re\jdk7u80\2329\hotspot\src\share\vm\prims\jvm.cpp:1319
Event: 1.948 Thread 0x000000000690a800 Threw 0x00000000df8a86a0 at C:\re\jdk7u80\2329\hotspot\src\share\vm\prims\jvm.cpp:1319
Event: 1.950 Thread 0x000000000690a800 Threw 0x00000000df8a9eb8 at C:\re\jdk7u80\2329\hotspot\src\share\vm\prims\jvm.cpp:1319
Event: 1.952 Thread 0x000000000690a800 Threw 0x00000000df8abed0 at C:\re\jdk7u80\2329\hotspot\src\share\vm\prims\jvm.cpp:1319
Event: 2.021 Thread 0x000000000690a800 Threw 0x00000000df8cd650 at C:\re\jdk7u80\2329\hotspot\src\share\vm\prims\jvm.cpp:1319
Event: 2.021 Thread 0x000000000690a800 Threw 0x00000000df8cd878 at C:\re\jdk7u80\2329\hotspot\src\share\vm\prims\jvm.cpp:1319
Event: 2.023 Thread 0x000000000690a800 Threw 0x00000000df8d16f0 at C:\re\jdk7u80\2329\hotspot\src\share\vm\prims\jvm.cpp:1319
Event: 2.023 Thread 0x000000000690a800 Threw 0x00000000df8d1918 at C:\re\jdk7u80\2329\hotspot\src\share\vm\prims\jvm.cpp:1319

Events (10 events):
Event: 28.213 Thread 0x000000000690a800 DEOPT UNPACKING pc=0x0000000002a69064 sp=0x000000000752beb0 mode 2
Event: 28.213 Thread 0x000000000690a800 Uncommon trap: trap_request=0xffffff75 fr.pc=0x0000000002ab55f0
Event: 28.213 Thread 0x000000000690a800 DEOPT PACKING pc=0x0000000002ab55f0 sp=0x000000000752bf10
Event: 28.213 Thread 0x000000000690a800 DEOPT UNPACKING pc=0x0000000002a69064 sp=0x000000000752bea0 mode 2
Event: 28.278 Thread 0x000000000690a800 Uncommon trap: trap_request=0xffffff86 fr.pc=0x0000000002ab77fc
Event: 28.278 Thread 0x000000000690a800 DEOPT PACKING pc=0x0000000002ab77fc sp=0x000000000752bf20
Event: 28.278 Thread 0x000000000690a800 DEOPT UNPACKING pc=0x0000000002a69064 sp=0x000000000752bee0 mode 2
Event: 28.278 Thread 0x000000000690a800 Uncommon trap: trap_request=0xffffff75 fr.pc=0x0000000002ab64d4
Event: 28.278 Thread 0x000000000690a800 DEOPT PACKING pc=0x0000000002ab64d4 sp=0x000000000752beb0
Event: 28.278 Thread 0x000000000690a800 DEOPT UNPACKING pc=0x0000000002a69064 sp=0x000000000752be40 mode 2


Dynamic libraries:
0x00007ff7963d0000 - 0x00007ff796403000 	C:\Program Files\Java\jdk1.7.0_80\bin\java.exe
0x00007ffc77e90000 - 0x00007ffc7807d000 	C:\WINDOWS\SYSTEM32\ntdll.dll
0x00007ffc721a0000 - 0x00007ffc721b5000 	C:\Program Files\AVAST Software\Avast\aswhook.dll
0x00007ffc75590000 - 0x00007ffc75643000 	C:\WINDOWS\System32\KERNEL32.DLL
0x00007ffc74cf0000 - 0x00007ffc74f83000 	C:\WINDOWS\System32\KERNELBASE.dll
0x00007ffc750b0000 - 0x00007ffc75153000 	C:\WINDOWS\System32\ADVAPI32.dll
0x00007ffc753a0000 - 0x00007ffc7543e000 	C:\WINDOWS\System32\msvcrt.dll
0x00007ffc75ee0000 - 0x00007ffc75f7e000 	C:\WINDOWS\System32\sechost.dll
0x00007ffc756b0000 - 0x00007ffc757d2000 	C:\WINDOWS\System32\RPCRT4.dll
0x00007ffc77bf0000 - 0x00007ffc77d87000 	C:\WINDOWS\System32\USER32.dll
0x00007ffc75020000 - 0x00007ffc75040000 	C:\WINDOWS\System32\win32u.dll
0x00007ffc75160000 - 0x00007ffc75189000 	C:\WINDOWS\System32\GDI32.dll
0x00007ffc73f50000 - 0x00007ffc740e9000 	C:\WINDOWS\System32\gdi32full.dll
0x00007ffc74c50000 - 0x00007ffc74cf0000 	C:\WINDOWS\System32\msvcp_win.dll
0x00007ffc740f0000 - 0x00007ffc741ea000 	C:\WINDOWS\System32\ucrtbase.dll
0x00007ffc67a20000 - 0x00007ffc67c99000 	C:\WINDOWS\WinSxS\amd64_microsoft.windows.common-controls_6595b64144ccf1df_6.0.17763.973_none_05b245900721eb81\COMCTL32.dll
0x00007ffc75bb0000 - 0x00007ffc75edc000 	C:\WINDOWS\System32\combase.dll
0x00007ffc742a0000 - 0x00007ffc7431e000 	C:\WINDOWS\System32\bcryptPrimitives.dll
0x00007ffc75300000 - 0x00007ffc7532e000 	C:\WINDOWS\System32\IMM32.DLL
0x0000000068cc0000 - 0x0000000068d92000 	C:\Program Files\Java\jdk1.7.0_80\jre\bin\msvcr100.dll
0x0000000068da0000 - 0x0000000069579000 	C:\Program Files\Java\jdk1.7.0_80\jre\bin\server\jvm.dll
0x00007ffc77680000 - 0x00007ffc77688000 	C:\WINDOWS\System32\PSAPI.DLL
0x00007ffc6d750000 - 0x00007ffc6d759000 	C:\WINDOWS\SYSTEM32\WSOCK32.dll
0x00007ffc75330000 - 0x00007ffc7539d000 	C:\WINDOWS\System32\WS2_32.dll
0x00007ffc720c0000 - 0x00007ffc720e4000 	C:\WINDOWS\SYSTEM32\WINMM.dll
0x00007ffc72090000 - 0x00007ffc720bd000 	C:\WINDOWS\SYSTEM32\WINMMBASE.dll
0x00007ffc75040000 - 0x00007ffc7508a000 	C:\WINDOWS\System32\cfgmgr32.dll
0x000000006a040000 - 0x000000006a04f000 	C:\Program Files\Java\jdk1.7.0_80\jre\bin\verify.dll
0x0000000068c50000 - 0x0000000068c78000 	C:\Program Files\Java\jdk1.7.0_80\jre\bin\java.dll
0x0000000068c30000 - 0x0000000068c46000 	C:\Program Files\Java\jdk1.7.0_80\jre\bin\zip.dll
0x0000000068a50000 - 0x0000000068be5000 	C:\Program Files\Java\jdk1.7.0_80\jre\bin\awt.dll
0x00007ffc77d90000 - 0x00007ffc77e54000 	C:\WINDOWS\System32\OLEAUT32.dll
0x00007ffc721f0000 - 0x00007ffc7227c000 	C:\WINDOWS\SYSTEM32\apphelp.dll
0x00007ffc72450000 - 0x00007ffc724ec000 	C:\WINDOWS\system32\uxtheme.dll
0x00007ffc75190000 - 0x00007ffc752fc000 	C:\WINDOWS\System32\MSCTF.dll
0x00007ffc72860000 - 0x00007ffc7288e000 	C:\WINDOWS\system32\dwmapi.dll
0x00007ffc74320000 - 0x00007ffc744fc000 	C:\WINDOWS\System32\CRYPT32.dll
0x00007ffc73e80000 - 0x00007ffc73e92000 	C:\WINDOWS\System32\MSASN1.dll
0x00007ffc75090000 - 0x00007ffc750a7000 	C:\WINDOWS\System32\CRYPTSP.dll
0x00007ffc73f00000 - 0x00007ffc73f11000 	C:\WINDOWS\System32\kernel.appcore.dll
0x00007ffc757e0000 - 0x00007ffc75935000 	C:\WINDOWS\System32\ole32.dll
0x00007ffc76180000 - 0x00007ffc77674000 	C:\WINDOWS\System32\SHELL32.dll
0x00007ffc760d0000 - 0x00007ffc76178000 	C:\WINDOWS\System32\shcore.dll
0x00007ffc74500000 - 0x00007ffc74c4d000 	C:\WINDOWS\System32\windows.storage.dll
0x00007ffc73f20000 - 0x00007ffc73f44000 	C:\WINDOWS\System32\profapi.dll
0x00007ffc73ea0000 - 0x00007ffc73efd000 	C:\WINDOWS\System32\powrprof.dll
0x00007ffc76070000 - 0x00007ffc760c2000 	C:\WINDOWS\System32\shlwapi.dll
0x0000000068a00000 - 0x0000000068a47000 	C:\Program Files\Java\jdk1.7.0_80\jre\bin\fontmanager.dll
0x00007ffc4a780000 - 0x00007ffc4a91e000 	C:\WINDOWS\system32\d3d9.dll
0x00007ffc6ee30000 - 0x00007ffc6ef97000 	C:\WINDOWS\SYSTEM32\aticfx64.dll
0x00007ffc6ee20000 - 0x00007ffc6ee2a000 	C:\WINDOWS\SYSTEM32\VERSION.dll
0x00007ffc4c680000 - 0x00007ffc4c6a1000 	C:\WINDOWS\SYSTEM32\atiu9p64.dll
0x00007ffc49d40000 - 0x00007ffc4a599000 	C:\WINDOWS\SYSTEM32\atiumd64.dll
0x00000000697a0000 - 0x000000006a028000 	C:\WINDOWS\SYSTEM32\atiumd6a.dll
0x0000000068c10000 - 0x0000000068c2a000 	C:\Program Files\Java\jdk1.7.0_80\jre\bin\net.dll
0x00007ffc736f0000 - 0x00007ffc73757000 	C:\WINDOWS\system32\mswsock.dll
0x0000000068bf0000 - 0x0000000068c01000 	C:\Program Files\Java\jdk1.7.0_80\jre\bin\nio.dll
0x00000000689b0000 - 0x00000000689f1000 	C:\Program Files\Java\jdk1.7.0_80\jre\bin\t2k.dll
0x00007ffc6b2e0000 - 0x00007ffc6b375000 	C:\WINDOWS\System32\TextInputFramework.dll
0x00007ffc6f530000 - 0x00007ffc6f852000 	C:\WINDOWS\System32\CoreUIComponents.dll
0x00007ffc717a0000 - 0x00007ffc71882000 	C:\WINDOWS\System32\CoreMessaging.dll
0x00007ffc72ef0000 - 0x00007ffc72f21000 	C:\WINDOWS\SYSTEM32\ntmarta.dll
0x00007ffc6fd30000 - 0x00007ffc6fe83000 	C:\WINDOWS\SYSTEM32\wintypes.dll
0x0000000068940000 - 0x000000006896a000 	C:\Program Files\Java\jdk1.7.0_80\jre\bin\dcpr.dll

VM Arguments:
jvm_args: -Dfile.encoding=UTF-8 
java_command: views.kasir
Launcher Type: SUN_STANDARD

Environment Variables:
PATH=C:\WINDOWS\system32;C:\WINDOWS;C:\WINDOWS\System32\Wbem;C:\WINDOWS\System32\WindowsPowerShell\v1.0\;C:\Program Files (x86)\ATI Technologies\ATI.ACE\Core-Static;C:\WINDOWS\System32\OpenSSH\;C:\Users\hp\AppData\Local\Microsoft\WindowsApps;
USERNAME=hp
OS=Windows_NT
PROCESSOR_IDENTIFIER=AMD64 Family 18 Model 1 Stepping 0, AuthenticAMD



---------------  S Y S T E M  ---------------

OS: Windows 8.1 , 64 bit Build 9600 

CPU:total 2 (2 cores per cpu, 1 threads per core) family 18 model 1 stepping 0, cmov, cx8, fxsr, mmx, sse, sse2, sse3, popcnt, mmxext, 3dnowpref, lzcnt, sse4a, tsc, tscinvbit, tscinv

Memory: 4k page, physical 1800560k(49772k free), swap 7305584k(0k free)

vm_info: Java HotSpot(TM) 64-Bit Server VM (24.80-b11) for windows-amd64 JRE (1.7.0_80-b15), built on Apr 10 2015 11:26:34 by "java_re" with unknown MS VC++:1600

time: Mon Mar 16 11:11:41 2020
elapsed time: 57 seconds

