#
# There is insufficient memory for the Java Runtime Environment to continue.
# Native memory allocation (malloc) failed to allocate 161040 bytes for Chunk::new
# Possible reasons:
#   The system is out of physical RAM or swap space
#   In 32 bit mode, the process size limit was hit
# Possible solutions:
#   Reduce memory load on the system
#   Increase physical memory or swap space
#   Check if swap backing store is full
#   Use 64 bit Java on a 64 bit OS
#   Decrease Java heap size (-Xmx/-Xms)
#   Decrease number of Java threads
#   Decrease Java thread stack sizes (-Xss)
#   Set larger code cache with -XX:ReservedCodeCacheSize=
# This output file may be truncated or incomplete.
#
#  Out of Memory Error (allocation.cpp:323), pid=7004, tid=5576
#
# JRE version: Java(TM) SE Runtime Environment (7.0_80-b15) (build 1.7.0_80-b15)
# Java VM: Java HotSpot(TM) 64-Bit Server VM (24.80-b11 mixed mode windows-amd64 compressed oops)
# Failed to write core dump. Minidumps are not enabled by default on client versions of Windows
#

---------------  T H R E A D  ---------------

Current thread (0x0000000005eaf000):  JavaThread "C2 CompilerThread0" daemon [_thread_in_native, id=5576, stack(0x00000000064d0000,0x00000000065d0000)]

Stack: [0x00000000064d0000,0x00000000065d0000]
[error occurred during error reporting (printing stack bounds), id 0xc0000005]


[error occurred during error reporting (printing native stack), id 0xc0000005]


Current CompileTask:
C2:  63051   63             java.util.Properties::load0 (250 bytes)


---------------  P R O C E S S  ---------------

Java Threads: ( => current thread )
  0x0000000005fa4000 JavaThread "Abandoned connection cleanup thread" daemon [_thread_blocked, id=7468, stack(0x000000000b490000,0x000000000b590000)]
  0x0000000006c1c800 JavaThread "TimerQueue" daemon [_thread_blocked, id=8808, stack(0x000000000ab90000,0x000000000ac90000)]
  0x0000000006bf2000 JavaThread "D3D Screen Updater" daemon [_thread_blocked, id=1628, stack(0x0000000009c80000,0x0000000009d80000)]
  0x0000000002a40800 JavaThread "DestroyJavaVM" [_thread_blocked, id=5032, stack(0x00000000028c0000,0x00000000029c0000)]
  0x0000000006ac7000 JavaThread "AWT-EventQueue-0" [_thread_in_native, id=6640, stack(0x00000000076b0000,0x00000000077b0000)]
  0x0000000005fcc800 JavaThread "AWT-Windows" daemon [_thread_in_native, id=4200, stack(0x0000000007010000,0x0000000007110000)]
  0x0000000005ef6800 JavaThread "AWT-Shutdown" [_thread_blocked, id=4344, stack(0x0000000006f10000,0x0000000007010000)]
  0x0000000006a38800 JavaThread "Java2D Disposer" daemon [_thread_blocked, id=1916, stack(0x0000000006e10000,0x0000000006f10000)]
  0x0000000005ebc000 JavaThread "Service Thread" daemon [_thread_blocked, id=9108, stack(0x00000000066d0000,0x00000000067d0000)]
  0x0000000005eb6000 JavaThread "C2 CompilerThread1" daemon [_thread_blocked, id=6192, stack(0x00000000065d0000,0x00000000066d0000)]
=>0x0000000005eaf000 JavaThread "C2 CompilerThread0" daemon [_thread_in_native, id=5576, stack(0x00000000064d0000,0x00000000065d0000)]
  0x0000000005ead800 JavaThread "Attach Listener" daemon [_thread_blocked, id=3904, stack(0x00000000063d0000,0x00000000064d0000)]
  0x0000000005eab000 JavaThread "Signal Dispatcher" daemon [_thread_blocked, id=5684, stack(0x00000000062d0000,0x00000000063d0000)]
  0x0000000005e74000 JavaThread "Finalizer" daemon [_thread_blocked, id=6504, stack(0x00000000061d0000,0x00000000062d0000)]
  0x0000000005e6c800 JavaThread "Reference Handler" daemon [_thread_blocked, id=4360, stack(0x00000000060d0000,0x00000000061d0000)]

Other Threads:
  0x0000000005e66000 VMThread [stack: 0x0000000005fd0000,0x00000000060d0000] [id=7676]
  0x0000000005ec5800 WatcherThread [stack: 0x00000000067d0000,0x00000000068d0000] [id=8876]

VM state:not at safepoint (normal execution)

VM Mutex/Monitor currently owned by a thread: None

Heap
 def new generation   total 8448K, used 2790K [0x00000000df600000, 0x00000000dff20000, 0x00000000e88a0000)
  eden space 7552K,  25% used [0x00000000df600000, 0x00000000df7d9a08, 0x00000000dfd60000)
  from space 896K,  99% used [0x00000000dfe40000, 0x00000000dff1fff8, 0x00000000dff20000)
  to   space 896K,   0% used [0x00000000dfd60000, 0x00000000dfd60000, 0x00000000dfe40000)
 tenured generation   total 18816K, used 1519K [0x00000000e88a0000, 0x00000000e9b00000, 0x00000000fae00000)
   the space 18816K,   8% used [0x00000000e88a0000, 0x00000000e8a1bec8, 0x00000000e8a1c000, 0x00000000e9b00000)
 compacting perm gen  total 21248K, used 13602K [0x00000000fae00000, 0x00000000fc2c0000, 0x0000000100000000)
   the space 21248K,  64% used [0x00000000fae00000, 0x00000000fbb488b0, 0x00000000fbb48a00, 0x00000000fc2c0000)
No shared spaces configured.

Card table byte_map: [0x0000000005cc0000,0x0000000005dd0000] byte_map_base: 0x00000000055c5000

Polling page: 0x0000000000e90000

Code Cache  [0x0000000002c00000, 0x0000000002e70000, 0x0000000005c00000)
 total_blobs=546 nmethods=63 adapters=436 free_code_cache=48524Kb largest_free_block=49668160

Compilation events (10 events):
Event: 62.206 Thread 0x0000000005eaf000 nmethod 58 0x0000000002c97a50 code [0x0000000002c97b80, 0x0000000002c97bf8]
Event: 62.263 Thread 0x0000000005eb6000   60             java.lang.String::replace (127 bytes)
Event: 62.288 Thread 0x0000000005eb6000 nmethod 60 0x0000000002c97010 code [0x0000000002c97160, 0x0000000002c975d8]
Event: 62.301 Thread 0x0000000005eaf000   61             java.lang.String::compareTo (78 bytes)
Event: 62.303 Thread 0x0000000005eaf000 nmethod 61 0x0000000002c98c50 code [0x0000000002c98da0, 0x0000000002c98e98]
Event: 62.340 Thread 0x0000000005eb6000   62             java.util.Hashtable::rehash (168 bytes)
Event: 62.345 Thread 0x0000000005eb6000 nmethod 62 0x0000000002c9f090 code [0x0000000002c9f220, 0x0000000002c9f558]
Event: 62.577 Thread 0x0000000005eaf000   63             java.util.Properties::load0 (250 bytes)
Event: 62.588 Thread 0x0000000005eb6000   64             java.util.Properties$LineReader::readLine (452 bytes)
Event: 62.642 Thread 0x0000000005eb6000 nmethod 64 0x0000000002c9a6d0 code [0x0000000002c9a880, 0x0000000002c9af10]

GC Heap History (2 events):
Event: 62.082 GC heap before
{Heap before GC invocations=0 (full 0):
 def new generation   total 8448K, used 7552K [0x00000000df600000, 0x00000000dff20000, 0x00000000e88a0000)
  eden space 7552K, 100% used [0x00000000df600000, 0x00000000dfd60000, 0x00000000dfd60000)
  from space 896K,   0% used [0x00000000dfd60000, 0x00000000dfd60000, 0x00000000dfe40000)
  to   space 896K,   0% used [0x00000000dfe40000, 0x00000000dfe40000, 0x00000000dff20000)
 tenured generation   total 18816K, used 0K [0x00000000e88a0000, 0x00000000e9b00000, 0x00000000fae00000)
   the space 18816K,   0% used [0x00000000e88a0000, 0x00000000e88a0000, 0x00000000e88a0200, 0x00000000e9b00000)
 compacting perm gen  total 21248K, used 12751K [0x00000000fae00000, 0x00000000fc2c0000, 0x0000000100000000)
   the space 21248K,  60% used [0x00000000fae00000, 0x00000000fba73c50, 0x00000000fba73e00, 0x00000000fc2c0000)
No shared spaces configured.
Event: 62.109 GC heap after
Heap after GC invocations=1 (full 0):
 def new generation   total 8448K, used 895K [0x00000000df600000, 0x00000000dff20000, 0x00000000e88a0000)
  eden space 7552K,   0% used [0x00000000df600000, 0x00000000df600000, 0x00000000dfd60000)
  from space 896K,  99% used [0x00000000dfe40000, 0x00000000dff1fff8, 0x00000000dff20000)
  to   space 896K,   0% used [0x00000000dfd60000, 0x00000000dfd60000, 0x00000000dfe40000)
 tenured generation   total 18816K, used 1519K [0x00000000e88a0000, 0x00000000e9b00000, 0x00000000fae00000)
   the space 18816K,   8% used [0x00000000e88a0000, 0x00000000e8a1bec8, 0x00000000e8a1c000, 0x00000000e9b00000)
 compacting perm gen  total 21248K, used 12751K [0x00000000fae00000, 0x00000000fc2c0000, 0x0000000100000000)
   the space 21248K,  60% used [0x00000000fae00000, 0x00000000fba73c50, 0x00000000fba73e00, 0x00000000fc2c0000)
No shared spaces configured.
}

Deoptimization events (10 events):
Event: 56.213 Thread 0x0000000006ac7000 Uncommon trap: reason=class_check action=maybe_recompile pc=0x0000000002c72cc4 method=java.lang.String.equals(Ljava/lang/Object;)Z @ 8
Event: 56.213 Thread 0x0000000006ac7000 Uncommon trap: reason=class_check action=maybe_recompile pc=0x0000000002c72cc4 method=java.lang.String.equals(Ljava/lang/Object;)Z @ 8
Event: 56.289 Thread 0x0000000006ac7000 Uncommon trap: reason=class_check action=maybe_recompile pc=0x0000000002c72cc4 method=java.lang.String.equals(Ljava/lang/Object;)Z @ 8
Event: 56.289 Thread 0x0000000006ac7000 Uncommon trap: reason=class_check action=maybe_recompile pc=0x0000000002c72cc4 method=java.lang.String.equals(Ljava/lang/Object;)Z @ 8
Event: 61.468 Thread 0x0000000006ac7000 Uncommon trap: reason=unstable_if action=reinterpret pc=0x0000000002c92ae0 method=java.util.Properties$LineReader.readLine()I @ 424
Event: 62.212 Thread 0x0000000006ac7000 Uncommon trap: reason=unstable_if action=reinterpret pc=0x0000000002c903f4 method=java.lang.String.indexOf([CII[CIII)I @ 3
Event: 62.577 Thread 0x0000000006ac7000 Uncommon trap: reason=class_check action=maybe_recompile pc=0x0000000002c96990 method=java.util.Properties$LineReader.readLine()I @ 62
Event: 62.584 Thread 0x0000000006ac7000 Uncommon trap: reason=unstable_if action=reinterpret pc=0x0000000002c96884 method=java.util.Properties$LineReader.readLine()I @ 166
Event: 62.587 Thread 0x0000000006ac7000 Uncommon trap: reason=class_check action=maybe_recompile pc=0x0000000002c9400c method=java.util.Properties$LineReader.readLine()I @ 62
Event: 62.588 Thread 0x0000000006ac7000 Uncommon trap: reason=unstable_if action=reinterpret pc=0x0000000002c93fc0 method=java.util.Properties$LineReader.readLine()I @ 369

Internal exceptions (10 events):
Event: 62.360 Thread 0x0000000006ac7000 Threw 0x00000000df74f748 at C:\re\jdk7u80\2329\hotspot\src\share\vm\prims\jvm.cpp:1319
Event: 62.360 Thread 0x0000000006ac7000 Threw 0x00000000df752698 at C:\re\jdk7u80\2329\hotspot\src\share\vm\prims\jvm.cpp:1319
Event: 62.362 Thread 0x0000000006ac7000 Threw 0x00000000df754688 at C:\re\jdk7u80\2329\hotspot\src\share\vm\prims\jvm.cpp:1319
Event: 62.381 Thread 0x0000000006ac7000 Threw 0x00000000df75f590 at C:\re\jdk7u80\2329\hotspot\src\share\vm\prims\jvm.cpp:1319
Event: 62.387 Thread 0x0000000006ac7000 Threw 0x00000000df771758 at C:\re\jdk7u80\2329\hotspot\src\share\vm\prims\jvm.cpp:1319
Event: 62.389 Thread 0x0000000006ac7000 Threw 0x00000000df7741a8 at C:\re\jdk7u80\2329\hotspot\src\share\vm\prims\jvm.cpp:1319
Event: 62.389 Thread 0x0000000006ac7000 Threw 0x00000000df776aa0 at C:\re\jdk7u80\2329\hotspot\src\share\vm\prims\jvm.cpp:1319
Event: 62.391 Thread 0x0000000006ac7000 Threw 0x00000000df79f330 at C:\re\jdk7u80\2329\hotspot\src\share\vm\prims\jvm.cpp:1319
Event: 62.393 Thread 0x0000000006ac7000 Threw 0x00000000df7a1d88 at C:\re\jdk7u80\2329\hotspot\src\share\vm\prims\jvm.cpp:1319
Event: 62.415 Thread 0x0000000006ac7000 Threw 0x00000000df7a76f0 at C:\re\jdk7u80\2329\hotspot\src\share\vm\prims\jvm.cpp:1319

Events (10 events):
Event: 62.588 Thread 0x0000000006ac7000 DEOPT UNPACKING pc=0x0000000002c39064 sp=0x00000000077a9960 mode 2
Event: 62.595 loading class 0x0000000006d80170
Event: 62.595 loading class 0x0000000006d80170 done
Event: 62.595 loading class 0x0000000006d80140
Event: 62.595 loading class 0x0000000006d80140 done
Event: 62.595 loading class 0x0000000002ac2ec0
Event: 62.638 loading class 0x0000000002ac2ec0 done
Event: 62.638 loading class 0x0000000006d7f0d0
Event: 62.638 loading class 0x0000000006d7f0d0 done
Event: 62.638 loading class 0x0000000006b564f0


Dynamic libraries:
0x00007ff64fec0000 - 0x00007ff64fef3000 	C:\Program Files\Java\jdk1.7.0_80\bin\java.exe
0x00007fffcbf90000 - 0x00007fffcc17d000 	C:\WINDOWS\SYSTEM32\ntdll.dll
0x00007fffad550000 - 0x00007fffad565000 	C:\Program Files\AVAST Software\Avast\aswhook.dll
0x00007fffcbdf0000 - 0x00007fffcbea3000 	C:\WINDOWS\System32\KERNEL32.DLL
0x00007fffc82e0000 - 0x00007fffc8573000 	C:\WINDOWS\System32\KERNELBASE.dll
0x00007fffc9d70000 - 0x00007fffc9e13000 	C:\WINDOWS\System32\ADVAPI32.dll
0x00007fffcbc70000 - 0x00007fffcbd0e000 	C:\WINDOWS\System32\msvcrt.dll
0x00007fffc93d0000 - 0x00007fffc946e000 	C:\WINDOWS\System32\sechost.dll
0x00007fffca290000 - 0x00007fffca3b2000 	C:\WINDOWS\System32\RPCRT4.dll
0x00007fffc98f0000 - 0x00007fffc9a87000 	C:\WINDOWS\System32\USER32.dll
0x00007fffc87e0000 - 0x00007fffc8800000 	C:\WINDOWS\System32\win32u.dll
0x00007fffc9af0000 - 0x00007fffc9b19000 	C:\WINDOWS\System32\GDI32.dll
0x00007fffc8820000 - 0x00007fffc89b9000 	C:\WINDOWS\System32\gdi32full.dll
0x00007fffc9110000 - 0x00007fffc91b0000 	C:\WINDOWS\System32\msvcp_win.dll
0x00007fffc8690000 - 0x00007fffc878a000 	C:\WINDOWS\System32\ucrtbase.dll
0x00007fffbb3c0000 - 0x00007fffbb639000 	C:\WINDOWS\WinSxS\amd64_microsoft.windows.common-controls_6595b64144ccf1df_6.0.17763.973_none_05b245900721eb81\COMCTL32.dll
0x00007fffc9e90000 - 0x00007fffca1bc000 	C:\WINDOWS\System32\combase.dll
0x00007fffc91b0000 - 0x00007fffc922e000 	C:\WINDOWS\System32\bcryptPrimitives.dll
0x00007fffc93a0000 - 0x00007fffc93ce000 	C:\WINDOWS\System32\IMM32.DLL
0x000000005e000000 - 0x000000005e0d2000 	C:\Program Files\Java\jdk1.7.0_80\jre\bin\msvcr100.dll
0x000000005c820000 - 0x000000005cff9000 	C:\Program Files\Java\jdk1.7.0_80\jre\bin\server\jvm.dll
0x00007fffcbbf0000 - 0x00007fffcbbf8000 	C:\WINDOWS\System32\PSAPI.DLL
0x00007fffba600000 - 0x00007fffba609000 	C:\WINDOWS\SYSTEM32\WSOCK32.dll
0x00007fffcbc00000 - 0x00007fffcbc6d000 	C:\WINDOWS\System32\WS2_32.dll
0x00007fffc5b00000 - 0x00007fffc5b24000 	C:\WINDOWS\SYSTEM32\WINMM.dll
0x00007fffc5ad0000 - 0x00007fffc5afd000 	C:\WINDOWS\SYSTEM32\WINMMBASE.dll
0x00007fffc8790000 - 0x00007fffc87da000 	C:\WINDOWS\System32\cfgmgr32.dll
0x000000005d8f0000 - 0x000000005d8ff000 	C:\Program Files\Java\jdk1.7.0_80\jre\bin\verify.dll
0x000000005d8c0000 - 0x000000005d8e8000 	C:\Program Files\Java\jdk1.7.0_80\jre\bin\java.dll
0x000000005d8a0000 - 0x000000005d8b6000 	C:\Program Files\Java\jdk1.7.0_80\jre\bin\zip.dll
0x000000005c640000 - 0x000000005c7d5000 	C:\Program Files\Java\jdk1.7.0_80\jre\bin\awt.dll
0x00007fffca1c0000 - 0x00007fffca284000 	C:\WINDOWS\System32\OLEAUT32.dll
0x00007fffc6310000 - 0x00007fffc639c000 	C:\WINDOWS\SYSTEM32\apphelp.dll
0x00007fffc65d0000 - 0x00007fffc666c000 	C:\WINDOWS\system32\uxtheme.dll
0x00007fffc9230000 - 0x00007fffc939c000 	C:\WINDOWS\System32\MSCTF.dll
0x00007fffc69e0000 - 0x00007fffc6a0e000 	C:\WINDOWS\system32\dwmapi.dll
0x00007fffc80d0000 - 0x00007fffc82ac000 	C:\WINDOWS\System32\CRYPT32.dll
0x00007fffc8000000 - 0x00007fffc8012000 	C:\WINDOWS\System32\MSASN1.dll
0x00007fffc8800000 - 0x00007fffc8817000 	C:\WINDOWS\System32\CRYPTSP.dll
0x00007fffc80b0000 - 0x00007fffc80c1000 	C:\WINDOWS\System32\kernel.appcore.dll
0x00007fffca590000 - 0x00007fffca6e5000 	C:\WINDOWS\System32\ole32.dll
0x00007fffca6f0000 - 0x00007fffcbbe4000 	C:\WINDOWS\System32\SHELL32.dll
0x00007fffcbeb0000 - 0x00007fffcbf58000 	C:\WINDOWS\System32\shcore.dll
0x00007fffc89c0000 - 0x00007fffc910d000 	C:\WINDOWS\System32\windows.storage.dll
0x00007fffc8020000 - 0x00007fffc8044000 	C:\WINDOWS\System32\profapi.dll
0x00007fffc8050000 - 0x00007fffc80ad000 	C:\WINDOWS\System32\powrprof.dll
0x00007fffc9d00000 - 0x00007fffc9d52000 	C:\WINDOWS\System32\shlwapi.dll
0x000000005c5f0000 - 0x000000005c637000 	C:\Program Files\Java\jdk1.7.0_80\jre\bin\fontmanager.dll
0x00007fffadb60000 - 0x00007fffadcfe000 	C:\WINDOWS\system32\d3d9.dll
0x00007fffc3370000 - 0x00007fffc34d7000 	C:\WINDOWS\SYSTEM32\aticfx64.dll
0x00007fffc3360000 - 0x00007fffc336a000 	C:\WINDOWS\SYSTEM32\VERSION.dll
0x00007fff96d90000 - 0x00007fff96db1000 	C:\WINDOWS\SYSTEM32\atiu9p64.dll
0x00007fff86bf0000 - 0x00007fff87449000 	C:\WINDOWS\SYSTEM32\atiumd64.dll
0x000000005d000000 - 0x000000005d888000 	C:\WINDOWS\SYSTEM32\atiumd6a.dll
0x00007fffc9c50000 - 0x00007fffc9cf2000 	C:\WINDOWS\System32\clbcatq.dll
0x00007fffc3690000 - 0x00007fffc3848000 	C:\WINDOWS\SYSTEM32\WindowsCodecs.dll
0x00007fffaaaa0000 - 0x00007fffaaaf6000 	C:\WINDOWS\system32\dataexchange.dll
0x00007fffc5290000 - 0x00007fffc550e000 	C:\WINDOWS\system32\d3d11.dll
0x00007fffc5f60000 - 0x00007fffc6123000 	C:\WINDOWS\system32\dcomp.dll
0x00007fffc6ce0000 - 0x00007fffc6da2000 	C:\WINDOWS\system32\dxgi.dll
0x00007fffc66d0000 - 0x00007fffc68dd000 	C:\WINDOWS\system32\twinapi.appcore.dll
0x00007fffc66a0000 - 0x00007fffc66c8000 	C:\WINDOWS\system32\RMCLIENT.dll
0x000000005c800000 - 0x000000005c81a000 	C:\Program Files\Java\jdk1.7.0_80\jre\bin\net.dll
0x00007fffc7810000 - 0x00007fffc7877000 	C:\WINDOWS\system32\mswsock.dll
0x000000005c7e0000 - 0x000000005c7f1000 	C:\Program Files\Java\jdk1.7.0_80\jre\bin\nio.dll
0x000000005c5a0000 - 0x000000005c5e1000 	C:\Program Files\Java\jdk1.7.0_80\jre\bin\t2k.dll
0x00007fffbecc0000 - 0x00007fffbed55000 	C:\WINDOWS\System32\TextInputFramework.dll
0x00007fffc39b0000 - 0x00007fffc3cd2000 	C:\WINDOWS\System32\CoreUIComponents.dll
0x00007fffc6130000 - 0x00007fffc6212000 	C:\WINDOWS\System32\CoreMessaging.dll
0x00007fffc7070000 - 0x00007fffc70a1000 	C:\WINDOWS\SYSTEM32\ntmarta.dll
0x00007fffc3850000 - 0x00007fffc39a3000 	C:\WINDOWS\SYSTEM32\wintypes.dll
0x000000005c530000 - 0x000000005c55a000 	C:\Program Files\Java\jdk1.7.0_80\jre\bin\dcpr.dll
0x00007fffc75c0000 - 0x00007fffc7686000 	C:\WINDOWS\SYSTEM32\DNSAPI.dll
0x00007fffc9e20000 - 0x00007fffc9e28000 	C:\WINDOWS\System32\NSI.dll
0x00007fffc7530000 - 0x00007fffc756d000 	C:\WINDOWS\SYSTEM32\IPHLPAPI.DLL
0x00007fffbbef0000 - 0x00007fffbbefa000 	C:\Windows\System32\rasadhlp.dll
0x00007fffbbfe0000 - 0x00007fffbc059000 	C:\WINDOWS\System32\fwpuclnt.dll

VM Arguments:
jvm_args: -Dfile.encoding=UTF-8 
java_command: views.login
Launcher Type: SUN_STANDARD

Environment Variables:
PATH=C:\WINDOWS\system32;C:\WINDOWS;C:\WINDOWS\System32\Wbem;C:\WINDOWS\System32\WindowsPowerShell\v1.0\;C:\Program Files (x86)\ATI Technologies\ATI.ACE\Core-Static;C:\WINDOWS\System32\OpenSSH\;C:\Users\hp\AppData\Local\Microsoft\WindowsApps;
USERNAME=hp
OS=Windows_NT
PROCESSOR_IDENTIFIER=AMD64 Family 18 Model 1 Stepping 0, AuthenticAMD



---------------  S Y S T E M  ---------------

OS: Windows 8.1 , 64 bit Build 9600 

CPU:total 2 (2 cores per cpu, 1 threads per core) family 18 model 1 stepping 0, cmov, cx8, fxsr, mmx, sse, sse2, sse3, popcnt, mmxext, 3dnowpref, lzcnt, sse4a, tsc, tscinvbit, tscinv

Memory: 4k page, physical 1800560k(44844k free), swap 7305584k(3488k free)

vm_info: Java HotSpot(TM) 64-Bit Server VM (24.80-b11) for windows-amd64 JRE (1.7.0_80-b15), built on Apr 10 2015 11:26:34 by "java_re" with unknown MS VC++:1600

time: Thu Mar 12 17:43:37 2020
elapsed time: 63 seconds

